sample.interval=20000
"file" "source" "rankall" "tail" 
"file" "source" "rankall" "tail" 
"file" "read.table" "read.csv" "getData" "rankall" "tail" 
"file" "read.table" "read.csv" "getData" "rankall" "tail" 
"scan" "read.table" "read.csv" "getData" "rankall" "tail" 
"order" "make.names" "read.table" "read.csv" "getData" "rankall" "tail" 
"scan" "read.table" "read.csv" "getData" "rankall" "tail" 
"scan" "read.table" "read.csv" "getData" "rankall" "tail" 
"scan" "read.table" "read.csv" "getData" "rankall" "tail" 
"scan" "read.table" "read.csv" "getData" "rankall" "tail" 
"scan" "read.table" "read.csv" "getData" "rankall" "tail" 
"scan" "read.table" "read.csv" "getData" "rankall" "tail" 
"scan" "read.table" "read.csv" "getData" "rankall" "tail" 
"file" "source" "rankhospital" "FUN" "lapply" "sapply" "rankall" "tail" 
"scan" "read.table" "read.csv" "getData" "best" "rankhospital" "FUN" "lapply" "sapply" "rankall" "tail" 
"scan" "read.table" "read.csv" "getData" "best" "rankhospital" "FUN" "lapply" "sapply" "rankall" "tail" 
"scan" "read.table" "read.csv" "getData" "best" "rankhospital" "FUN" "lapply" "sapply" "rankall" "tail" 
"scan" "read.table" "read.csv" "getData" "best" "rankhospital" "FUN" "lapply" "sapply" "rankall" "tail" 
"scan" "read.table" "read.csv" "getData" "best" "rankhospital" "FUN" "lapply" "sapply" "rankall" "tail" 
"scan" "read.table" "read.csv" "getData" "best" "rankhospital" "FUN" "lapply" "sapply" "rankall" "tail" 
"scan" "read.table" "read.csv" "getData" "best" "rankhospital" "FUN" "lapply" "sapply" "rankall" "tail" 
"scan" "read.table" "read.csv" "<Anonymous>" "rankhospital" "FUN" "lapply" "sapply" "rankall" "tail" 
"scan" "read.table" "read.csv" "<Anonymous>" "rankhospital" "FUN" "lapply" "sapply" "rankall" "tail" 
"scan" "read.table" "read.csv" "<Anonymous>" "rankhospital" "FUN" "lapply" "sapply" "rankall" "tail" 
"scan" "read.table" "read.csv" "<Anonymous>" "rankhospital" "FUN" "lapply" "sapply" "rankall" "tail" 
"scan" "read.table" "read.csv" "<Anonymous>" "rankhospital" "FUN" "lapply" "sapply" "rankall" "tail" 
"scan" "read.table" "read.csv" "<Anonymous>" "rankhospital" "FUN" "lapply" "sapply" "rankall" "tail" 
"scan" "read.table" "read.csv" "<Anonymous>" "rankhospital" "FUN" "lapply" "sapply" "rankall" "tail" 
"scan" "read.table" "read.csv" "getData" "best" "rankhospital" "FUN" "lapply" "sapply" "rankall" "tail" 
"scan" "read.table" "read.csv" "getData" "best" "rankhospital" "FUN" "lapply" "sapply" "rankall" "tail" 
"scan" "read.table" "read.csv" "getData" "best" "rankhospital" "FUN" "lapply" "sapply" "rankall" "tail" 
"scan" "read.table" "read.csv" "getData" "best" "rankhospital" "FUN" "lapply" "sapply" "rankall" "tail" 
"scan" "read.table" "read.csv" "getData" "best" "rankhospital" "FUN" "lapply" "sapply" "rankall" "tail" 
"scan" "read.table" "read.csv" "getData" "best" "rankhospital" "FUN" "lapply" "sapply" "rankall" "tail" 
"scan" "read.table" "read.csv" "getData" "best" "rankhospital" "FUN" "lapply" "sapply" "rankall" "tail" 
"scan" "read.table" "read.csv" "getData" "best" "rankhospital" "FUN" "lapply" "sapply" "rankall" "tail" 
"scan" "read.table" "read.csv" "getData" "best" "rankhospital" "FUN" "lapply" "sapply" "rankall" "tail" 
"as.numeric" "withCallingHandlers" "suppressWarnings" "getData" "best" "rankhospital" "FUN" "lapply" "sapply" "rankall" "tail" 
"scan" "read.table" "read.csv" "<Anonymous>" "rankhospital" "FUN" "lapply" "sapply" "rankall" "tail" 
"scan" "read.table" "read.csv" "<Anonymous>" "rankhospital" "FUN" "lapply" "sapply" "rankall" "tail" 
"scan" "read.table" "read.csv" "<Anonymous>" "rankhospital" "FUN" "lapply" "sapply" "rankall" "tail" 
"scan" "read.table" "read.csv" "<Anonymous>" "rankhospital" "FUN" "lapply" "sapply" "rankall" "tail" 
"scan" "read.table" "read.csv" "<Anonymous>" "rankhospital" "FUN" "lapply" "sapply" "rankall" "tail" 
"scan" "read.table" "read.csv" "<Anonymous>" "rankhospital" "FUN" "lapply" "sapply" "rankall" "tail" 
"scan" "read.table" "read.csv" "<Anonymous>" "rankhospital" "FUN" "lapply" "sapply" "rankall" "tail" 
"scan" "read.table" "read.csv" "<Anonymous>" "rankhospital" "FUN" "lapply" "sapply" "rankall" "tail" 
"scan" "read.table" "read.csv" "getData" "best" "rankhospital" "FUN" "lapply" "sapply" "rankall" "tail" 
"scan" "read.table" "read.csv" "getData" "best" "rankhospital" "FUN" "lapply" "sapply" "rankall" "tail" 
"scan" "read.table" "read.csv" "getData" "best" "rankhospital" "FUN" "lapply" "sapply" "rankall" "tail" 
"scan" "read.table" "read.csv" "getData" "best" "rankhospital" "FUN" "lapply" "sapply" "rankall" "tail" 
"scan" "read.table" "read.csv" "getData" "best" "rankhospital" "FUN" "lapply" "sapply" "rankall" "tail" 
"scan" "read.table" "read.csv" "getData" "best" "rankhospital" "FUN" "lapply" "sapply" "rankall" "tail" 
"scan" "read.table" "read.csv" "getData" "best" "rankhospital" "FUN" "lapply" "sapply" "rankall" "tail" 
"scan" "read.table" "read.csv" "<Anonymous>" "rankhospital" "FUN" "lapply" "sapply" "rankall" "tail" 
"scan" "read.table" "read.csv" "<Anonymous>" "rankhospital" "FUN" "lapply" "sapply" "rankall" "tail" 
"scan" "read.table" "read.csv" "<Anonymous>" "rankhospital" "FUN" "lapply" "sapply" "rankall" "tail" 
"scan" "read.table" "read.csv" "<Anonymous>" "rankhospital" "FUN" "lapply" "sapply" "rankall" "tail" 
"scan" "read.table" "read.csv" "<Anonymous>" "rankhospital" "FUN" "lapply" "sapply" "rankall" "tail" 
"as.numeric" "withCallingHandlers" "suppressWarnings" "<Anonymous>" "rankhospital" "FUN" "lapply" "sapply" "rankall" "tail" 
"scan" "read.table" "read.csv" "getData" "best" "rankhospital" "FUN" "lapply" "sapply" "rankall" "tail" 
"scan" "read.table" "read.csv" "getData" "best" "rankhospital" "FUN" "lapply" "sapply" "rankall" "tail" 
"scan" "read.table" "read.csv" "getData" "best" "rankhospital" "FUN" "lapply" "sapply" "rankall" "tail" 
"scan" "read.table" "read.csv" "getData" "best" "rankhospital" "FUN" "lapply" "sapply" "rankall" "tail" 
"scan" "read.table" "read.csv" "getData" "best" "rankhospital" "FUN" "lapply" "sapply" "rankall" "tail" 
"scan" "read.table" "read.csv" "<Anonymous>" "rankhospital" "FUN" "lapply" "sapply" "rankall" "tail" 
"scan" "read.table" "read.csv" "<Anonymous>" "rankhospital" "FUN" "lapply" "sapply" "rankall" "tail" 
"scan" "read.table" "read.csv" "<Anonymous>" "rankhospital" "FUN" "lapply" "sapply" "rankall" "tail" 
"scan" "read.table" "read.csv" "<Anonymous>" "rankhospital" "FUN" "lapply" "sapply" "rankall" "tail" 
"scan" "read.table" "read.csv" "<Anonymous>" "rankhospital" "FUN" "lapply" "sapply" "rankall" "tail" 
"scan" "read.table" "read.csv" "<Anonymous>" "rankhospital" "FUN" "lapply" "sapply" "rankall" "tail" 
"scan" "read.table" "read.csv" "<Anonymous>" "rankhospital" "FUN" "lapply" "sapply" "rankall" "tail" 
"scan" "read.table" "read.csv" "getData" "best" "rankhospital" "FUN" "lapply" "sapply" "rankall" "tail" 
"scan" "read.table" "read.csv" "getData" "best" "rankhospital" "FUN" "lapply" "sapply" "rankall" "tail" 
"scan" "read.table" "read.csv" "getData" "best" "rankhospital" "FUN" "lapply" "sapply" "rankall" "tail" 
"scan" "read.table" "read.csv" "getData" "best" "rankhospital" "FUN" "lapply" "sapply" "rankall" "tail" 
"scan" "read.table" "read.csv" "getData" "best" "rankhospital" "FUN" "lapply" "sapply" "rankall" "tail" 
"scan" "read.table" "read.csv" "getData" "best" "rankhospital" "FUN" "lapply" "sapply" "rankall" "tail" 
"scan" "read.table" "read.csv" "<Anonymous>" "rankhospital" "FUN" "lapply" "sapply" "rankall" "tail" 
"scan" "read.table" "read.csv" "<Anonymous>" "rankhospital" "FUN" "lapply" "sapply" "rankall" "tail" 
"scan" "read.table" "read.csv" "<Anonymous>" "rankhospital" "FUN" "lapply" "sapply" "rankall" "tail" 
"scan" "read.table" "read.csv" "<Anonymous>" "rankhospital" "FUN" "lapply" "sapply" "rankall" "tail" 
"scan" "read.table" "read.csv" "<Anonymous>" "rankhospital" "FUN" "lapply" "sapply" "rankall" "tail" 
"scan" "read.table" "read.csv" "<Anonymous>" "rankhospital" "FUN" "lapply" "sapply" "rankall" "tail" 
"scan" "read.table" "read.csv" "getData" "best" "rankhospital" "FUN" "lapply" "sapply" "rankall" "tail" 
"scan" "read.table" "read.csv" "getData" "best" "rankhospital" "FUN" "lapply" "sapply" "rankall" "tail" 
"scan" "read.table" "read.csv" "getData" "best" "rankhospital" "FUN" "lapply" "sapply" "rankall" "tail" 
"scan" "read.table" "read.csv" "getData" "best" "rankhospital" "FUN" "lapply" "sapply" "rankall" "tail" 
"scan" "read.table" "read.csv" "getData" "best" "rankhospital" "FUN" "lapply" "sapply" "rankall" "tail" 
"scan" "read.table" "read.csv" "getData" "best" "rankhospital" "FUN" "lapply" "sapply" "rankall" "tail" 
"scan" "read.table" "read.csv" "<Anonymous>" "rankhospital" "FUN" "lapply" "sapply" "rankall" "tail" 
"scan" "read.table" "read.csv" "<Anonymous>" "rankhospital" "FUN" "lapply" "sapply" "rankall" "tail" 
"scan" "read.table" "read.csv" "<Anonymous>" "rankhospital" "FUN" "lapply" "sapply" "rankall" "tail" 
"scan" "read.table" "read.csv" "<Anonymous>" "rankhospital" "FUN" "lapply" "sapply" "rankall" "tail" 
"scan" "read.table" "read.csv" "<Anonymous>" "rankhospital" "FUN" "lapply" "sapply" "rankall" "tail" 
"scan" "read.table" "read.csv" "<Anonymous>" "rankhospital" "FUN" "lapply" "sapply" "rankall" "tail" 
"file" "read.table" "read.csv" "getData" "best" "rankhospital" "FUN" "lapply" "sapply" "rankall" "tail" 
"scan" "read.table" "read.csv" "getData" "best" "rankhospital" "FUN" "lapply" "sapply" "rankall" "tail" 
"scan" "read.table" "read.csv" "getData" "best" "rankhospital" "FUN" "lapply" "sapply" "rankall" "tail" 
"scan" "read.table" "read.csv" "getData" "best" "rankhospital" "FUN" "lapply" "sapply" "rankall" "tail" 
"scan" "read.table" "read.csv" "getData" "best" "rankhospital" "FUN" "lapply" "sapply" "rankall" "tail" 
"scan" "read.table" "read.csv" "getData" "best" "rankhospital" "FUN" "lapply" "sapply" "rankall" "tail" 
"scan" "read.table" "read.csv" "getData" "best" "rankhospital" "FUN" "lapply" "sapply" "rankall" "tail" 
"grepl" "validateByCaller" "validate" "set_state" "best" "rankhospital" "FUN" "lapply" "sapply" "rankall" "tail" 
"scan" "read.table" "read.csv" "<Anonymous>" "rankhospital" "FUN" "lapply" "sapply" "rankall" "tail" 
"scan" "read.table" "read.csv" "<Anonymous>" "rankhospital" "FUN" "lapply" "sapply" "rankall" "tail" 
"scan" "read.table" "read.csv" "<Anonymous>" "rankhospital" "FUN" "lapply" "sapply" "rankall" "tail" 
"scan" "read.table" "read.csv" "<Anonymous>" "rankhospital" "FUN" "lapply" "sapply" "rankall" "tail" 
"scan" "read.table" "read.csv" "<Anonymous>" "rankhospital" "FUN" "lapply" "sapply" "rankall" "tail" 
"scan" "read.table" "read.csv" "<Anonymous>" "rankhospital" "FUN" "lapply" "sapply" "rankall" "tail" 
"scan" "read.table" "read.csv" "getData" "best" "rankhospital" "FUN" "lapply" "sapply" "rankall" "tail" 
"scan" "read.table" "read.csv" "getData" "best" "rankhospital" "FUN" "lapply" "sapply" "rankall" "tail" 
"scan" "read.table" "read.csv" "getData" "best" "rankhospital" "FUN" "lapply" "sapply" "rankall" "tail" 
"scan" "read.table" "read.csv" "getData" "best" "rankhospital" "FUN" "lapply" "sapply" "rankall" "tail" 
"scan" "read.table" "read.csv" "getData" "best" "rankhospital" "FUN" "lapply" "sapply" "rankall" "tail" 
"scan" "read.table" "read.csv" "getData" "best" "rankhospital" "FUN" "lapply" "sapply" "rankall" "tail" 
"scan" "read.table" "read.csv" "getData" "best" "rankhospital" "FUN" "lapply" "sapply" "rankall" "tail" 
"file" "read.table" "read.csv" "<Anonymous>" "rankhospital" "FUN" "lapply" "sapply" "rankall" "tail" 
"file" "read.table" "read.csv" "<Anonymous>" "rankhospital" "FUN" "lapply" "sapply" "rankall" "tail" 
"file" "read.table" "read.csv" "<Anonymous>" "rankhospital" "FUN" "lapply" "sapply" "rankall" "tail" 
"file" "read.table" "read.csv" "<Anonymous>" "rankhospital" "FUN" "lapply" "sapply" "rankall" "tail" 
"scan" "read.table" "read.csv" "<Anonymous>" "rankhospital" "FUN" "lapply" "sapply" "rankall" "tail" 
"scan" "read.table" "read.csv" "<Anonymous>" "rankhospital" "FUN" "lapply" "sapply" "rankall" "tail" 
"scan" "read.table" "read.csv" "<Anonymous>" "rankhospital" "FUN" "lapply" "sapply" "rankall" "tail" 
"scan" "read.table" "read.csv" "<Anonymous>" "rankhospital" "FUN" "lapply" "sapply" "rankall" "tail" 
"scan" "read.table" "read.csv" "<Anonymous>" "rankhospital" "FUN" "lapply" "sapply" "rankall" "tail" 
"scan" "read.table" "read.csv" "<Anonymous>" "rankhospital" "FUN" "lapply" "sapply" "rankall" "tail" 
"scan" "read.table" "read.csv" "getData" "best" "rankhospital" "FUN" "lapply" "sapply" "rankall" "tail" 
"scan" "read.table" "read.csv" "getData" "best" "rankhospital" "FUN" "lapply" "sapply" "rankall" "tail" 
"scan" "read.table" "read.csv" "getData" "best" "rankhospital" "FUN" "lapply" "sapply" "rankall" "tail" 
"scan" "read.table" "read.csv" "getData" "best" "rankhospital" "FUN" "lapply" "sapply" "rankall" "tail" 
"scan" "read.table" "read.csv" "getData" "best" "rankhospital" "FUN" "lapply" "sapply" "rankall" "tail" 
"scan" "read.table" "read.csv" "getData" "best" "rankhospital" "FUN" "lapply" "sapply" "rankall" "tail" 
"scan" "read.table" "read.csv" "<Anonymous>" "rankhospital" "FUN" "lapply" "sapply" "rankall" "tail" 
"scan" "read.table" "read.csv" "<Anonymous>" "rankhospital" "FUN" "lapply" "sapply" "rankall" "tail" 
"scan" "read.table" "read.csv" "<Anonymous>" "rankhospital" "FUN" "lapply" "sapply" "rankall" "tail" 
"scan" "read.table" "read.csv" "<Anonymous>" "rankhospital" "FUN" "lapply" "sapply" "rankall" "tail" 
"scan" "read.table" "read.csv" "<Anonymous>" "rankhospital" "FUN" "lapply" "sapply" "rankall" "tail" 
"scan" "read.table" "read.csv" "<Anonymous>" "rankhospital" "FUN" "lapply" "sapply" "rankall" "tail" 
"anyNA" ".deparseOpts" "deparse" "eval" "match.arg" "read.table" "read.csv" "getData" "best" "rankhospital" "FUN" "lapply" "sapply" "rankall" "tail" 
"scan" "read.table" "read.csv" "getData" "best" "rankhospital" "FUN" "lapply" "sapply" "rankall" "tail" 
"scan" "read.table" "read.csv" "getData" "best" "rankhospital" "FUN" "lapply" "sapply" "rankall" "tail" 
"scan" "read.table" "read.csv" "getData" "best" "rankhospital" "FUN" "lapply" "sapply" "rankall" "tail" 
"scan" "read.table" "read.csv" "getData" "best" "rankhospital" "FUN" "lapply" "sapply" "rankall" "tail" 
"scan" "read.table" "read.csv" "getData" "best" "rankhospital" "FUN" "lapply" "sapply" "rankall" "tail" 
"scan" "read.table" "read.csv" "getData" "best" "rankhospital" "FUN" "lapply" "sapply" "rankall" "tail" 
"as.numeric" "withCallingHandlers" "suppressWarnings" "getData" "best" "rankhospital" "FUN" "lapply" "sapply" "rankall" "tail" 
"scan" "read.table" "read.csv" "<Anonymous>" "rankhospital" "FUN" "lapply" "sapply" "rankall" "tail" 
"scan" "read.table" "read.csv" "<Anonymous>" "rankhospital" "FUN" "lapply" "sapply" "rankall" "tail" 
"scan" "read.table" "read.csv" "<Anonymous>" "rankhospital" "FUN" "lapply" "sapply" "rankall" "tail" 
"scan" "read.table" "read.csv" "<Anonymous>" "rankhospital" "FUN" "lapply" "sapply" "rankall" "tail" 
"scan" "read.table" "read.csv" "<Anonymous>" "rankhospital" "FUN" "lapply" "sapply" "rankall" "tail" 
"scan" "read.table" "read.csv" "getData" "best" "rankhospital" "FUN" "lapply" "sapply" "rankall" "tail" 
"scan" "read.table" "read.csv" "getData" "best" "rankhospital" "FUN" "lapply" "sapply" "rankall" "tail" 
"scan" "read.table" "read.csv" "getData" "best" "rankhospital" "FUN" "lapply" "sapply" "rankall" "tail" 
"scan" "read.table" "read.csv" "getData" "best" "rankhospital" "FUN" "lapply" "sapply" "rankall" "tail" 
"scan" "read.table" "read.csv" "getData" "best" "rankhospital" "FUN" "lapply" "sapply" "rankall" "tail" 
"scan" "read.table" "read.csv" "getData" "best" "rankhospital" "FUN" "lapply" "sapply" "rankall" "tail" 
"scan" "read.table" "read.csv" "<Anonymous>" "rankhospital" "FUN" "lapply" "sapply" "rankall" "tail" 
"scan" "read.table" "read.csv" "<Anonymous>" "rankhospital" "FUN" "lapply" "sapply" "rankall" "tail" 
"scan" "read.table" "read.csv" "<Anonymous>" "rankhospital" "FUN" "lapply" "sapply" "rankall" "tail" 
"scan" "read.table" "read.csv" "<Anonymous>" "rankhospital" "FUN" "lapply" "sapply" "rankall" "tail" 
"scan" "read.table" "read.csv" "<Anonymous>" "rankhospital" "FUN" "lapply" "sapply" "rankall" "tail" 
"scan" "read.table" "read.csv" "<Anonymous>" "rankhospital" "FUN" "lapply" "sapply" "rankall" "tail" 
"scan" "read.table" "read.csv" "<Anonymous>" "rankhospital" "FUN" "lapply" "sapply" "rankall" "tail" 
"scan" "read.table" "read.csv" "getData" "best" "rankhospital" "FUN" "lapply" "sapply" "rankall" "tail" 
"scan" "read.table" "read.csv" "getData" "best" "rankhospital" "FUN" "lapply" "sapply" "rankall" "tail" 
"scan" "read.table" "read.csv" "getData" "best" "rankhospital" "FUN" "lapply" "sapply" "rankall" "tail" 
"scan" "read.table" "read.csv" "getData" "best" "rankhospital" "FUN" "lapply" "sapply" "rankall" "tail" 
"scan" "read.table" "read.csv" "<Anonymous>" "rankhospital" "FUN" "lapply" "sapply" "rankall" "tail" 
"scan" "read.table" "read.csv" "<Anonymous>" "rankhospital" "FUN" "lapply" "sapply" "rankall" "tail" 
"scan" "read.table" "read.csv" "<Anonymous>" "rankhospital" "FUN" "lapply" "sapply" "rankall" "tail" 
"scan" "read.table" "read.csv" "<Anonymous>" "rankhospital" "FUN" "lapply" "sapply" "rankall" "tail" 
"scan" "read.table" "read.csv" "<Anonymous>" "rankhospital" "FUN" "lapply" "sapply" "rankall" "tail" 
"scan" "read.table" "read.csv" "<Anonymous>" "rankhospital" "FUN" "lapply" "sapply" "rankall" "tail" 
"scan" "read.table" "read.csv" "<Anonymous>" "rankhospital" "FUN" "lapply" "sapply" "rankall" "tail" 
"scan" "read.table" "read.csv" "getData" "best" "rankhospital" "FUN" "lapply" "sapply" "rankall" "tail" 
"scan" "read.table" "read.csv" "getData" "best" "rankhospital" "FUN" "lapply" "sapply" "rankall" "tail" 
"scan" "read.table" "read.csv" "getData" "best" "rankhospital" "FUN" "lapply" "sapply" "rankall" "tail" 
"scan" "read.table" "read.csv" "getData" "best" "rankhospital" "FUN" "lapply" "sapply" "rankall" "tail" 
"scan" "read.table" "read.csv" "getData" "best" "rankhospital" "FUN" "lapply" "sapply" "rankall" "tail" 
"scan" "read.table" "read.csv" "<Anonymous>" "rankhospital" "FUN" "lapply" "sapply" "rankall" "tail" 
"scan" "read.table" "read.csv" "<Anonymous>" "rankhospital" "FUN" "lapply" "sapply" "rankall" "tail" 
"scan" "read.table" "read.csv" "<Anonymous>" "rankhospital" "FUN" "lapply" "sapply" "rankall" "tail" 
"scan" "read.table" "read.csv" "<Anonymous>" "rankhospital" "FUN" "lapply" "sapply" "rankall" "tail" 
"scan" "read.table" "read.csv" "<Anonymous>" "rankhospital" "FUN" "lapply" "sapply" "rankall" "tail" 
"scan" "read.table" "read.csv" "<Anonymous>" "rankhospital" "FUN" "lapply" "sapply" "rankall" "tail" 
"%in%" ".deparseOpts" "deparse" "eval" "match.arg" "read.table" "read.csv" "getData" "best" "rankhospital" "FUN" "lapply" "sapply" "rankall" "tail" 
"scan" "read.table" "read.csv" "getData" "best" "rankhospital" "FUN" "lapply" "sapply" "rankall" "tail" 
"scan" "read.table" "read.csv" "getData" "best" "rankhospital" "FUN" "lapply" "sapply" "rankall" "tail" 
"scan" "read.table" "read.csv" "getData" "best" "rankhospital" "FUN" "lapply" "sapply" "rankall" "tail" 
"scan" "read.table" "read.csv" "getData" "best" "rankhospital" "FUN" "lapply" "sapply" "rankall" "tail" 
"scan" "read.table" "read.csv" "getData" "best" "rankhospital" "FUN" "lapply" "sapply" "rankall" "tail" 
"scan" "read.table" "read.csv" "getData" "best" "rankhospital" "FUN" "lapply" "sapply" "rankall" "tail" 
"scan" "read.table" "read.csv" "<Anonymous>" "rankhospital" "FUN" "lapply" "sapply" "rankall" "tail" 
"scan" "read.table" "read.csv" "<Anonymous>" "rankhospital" "FUN" "lapply" "sapply" "rankall" "tail" 
"scan" "read.table" "read.csv" "<Anonymous>" "rankhospital" "FUN" "lapply" "sapply" "rankall" "tail" 
"scan" "read.table" "read.csv" "<Anonymous>" "rankhospital" "FUN" "lapply" "sapply" "rankall" "tail" 
"scan" "read.table" "read.csv" "<Anonymous>" "rankhospital" "FUN" "lapply" "sapply" "rankall" "tail" 
"as.numeric" "withCallingHandlers" "suppressWarnings" "<Anonymous>" "rankhospital" "FUN" "lapply" "sapply" "rankall" "tail" 
"scan" "read.table" "read.csv" "getData" "best" "rankhospital" "FUN" "lapply" "sapply" "rankall" "tail" 
"scan" "read.table" "read.csv" "getData" "best" "rankhospital" "FUN" "lapply" "sapply" "rankall" "tail" 
"scan" "read.table" "read.csv" "getData" "best" "rankhospital" "FUN" "lapply" "sapply" "rankall" "tail" 
"scan" "read.table" "read.csv" "getData" "best" "rankhospital" "FUN" "lapply" "sapply" "rankall" "tail" 
"scan" "read.table" "read.csv" "getData" "best" "rankhospital" "FUN" "lapply" "sapply" "rankall" "tail" 
"scan" "read.table" "read.csv" "getData" "best" "rankhospital" "FUN" "lapply" "sapply" "rankall" "tail" 
"grepl" "validateByCaller" "validate" "set_outcome" "best" "rankhospital" "FUN" "lapply" "sapply" "rankall" "tail" 
"scan" "read.table" "read.csv" "<Anonymous>" "rankhospital" "FUN" "lapply" "sapply" "rankall" "tail" 
"scan" "read.table" "read.csv" "<Anonymous>" "rankhospital" "FUN" "lapply" "sapply" "rankall" "tail" 
"scan" "read.table" "read.csv" "<Anonymous>" "rankhospital" "FUN" "lapply" "sapply" "rankall" "tail" 
"scan" "read.table" "read.csv" "<Anonymous>" "rankhospital" "FUN" "lapply" "sapply" "rankall" "tail" 
"scan" "read.table" "read.csv" "<Anonymous>" "rankhospital" "FUN" "lapply" "sapply" "rankall" "tail" 
"scan" "read.table" "read.csv" "getData" "best" "rankhospital" "FUN" "lapply" "sapply" "rankall" "tail" 
"scan" "read.table" "read.csv" "getData" "best" "rankhospital" "FUN" "lapply" "sapply" "rankall" "tail" 
"scan" "read.table" "read.csv" "getData" "best" "rankhospital" "FUN" "lapply" "sapply" "rankall" "tail" 
"scan" "read.table" "read.csv" "getData" "best" "rankhospital" "FUN" "lapply" "sapply" "rankall" "tail" 
"scan" "read.table" "read.csv" "getData" "best" "rankhospital" "FUN" "lapply" "sapply" "rankall" "tail" 
"structure" "makeRestart" "makeRestartList" "withRestarts" ".signalSimpleWarning" "as.numeric" "withCallingHandlers" "suppressWarnings" "getData" "best" "rankhospital" "FUN" "lapply" "sapply" "rankall" "tail" 
"scan" "read.table" "read.csv" "<Anonymous>" "rankhospital" "FUN" "lapply" "sapply" "rankall" "tail" 
"scan" "read.table" "read.csv" "<Anonymous>" "rankhospital" "FUN" "lapply" "sapply" "rankall" "tail" 
"scan" "read.table" "read.csv" "<Anonymous>" "rankhospital" "FUN" "lapply" "sapply" "rankall" "tail" 
"scan" "read.table" "read.csv" "<Anonymous>" "rankhospital" "FUN" "lapply" "sapply" "rankall" "tail" 
"scan" "read.table" "read.csv" "<Anonymous>" "rankhospital" "FUN" "lapply" "sapply" "rankall" "tail" 
"lapply" "do.call" "docall" "withOneRestart" "withRestarts" ".signalSimpleWarning" "as.numeric" "withCallingHandlers" "suppressWarnings" "<Anonymous>" "rankhospital" "FUN" "lapply" "sapply" "rankall" "tail" 
"scan" "read.table" "read.csv" "getData" "best" "rankhospital" "FUN" "lapply" "sapply" "rankall" "tail" 
"scan" "read.table" "read.csv" "getData" "best" "rankhospital" "FUN" "lapply" "sapply" "rankall" "tail" 
"scan" "read.table" "read.csv" "getData" "best" "rankhospital" "FUN" "lapply" "sapply" "rankall" "tail" 
"scan" "read.table" "read.csv" "getData" "best" "rankhospital" "FUN" "lapply" "sapply" "rankall" "tail" 
"scan" "read.table" "read.csv" "getData" "best" "rankhospital" "FUN" "lapply" "sapply" "rankall" "tail" 
"scan" "read.table" "read.csv" "getData" "best" "rankhospital" "FUN" "lapply" "sapply" "rankall" "tail" 
"scan" "read.table" "read.csv" "getData" "best" "rankhospital" "FUN" "lapply" "sapply" "rankall" "tail" 
"scan" "read.table" "read.csv" "<Anonymous>" "rankhospital" "FUN" "lapply" "sapply" "rankall" "tail" 
"scan" "read.table" "read.csv" "<Anonymous>" "rankhospital" "FUN" "lapply" "sapply" "rankall" "tail" 
"scan" "read.table" "read.csv" "<Anonymous>" "rankhospital" "FUN" "lapply" "sapply" "rankall" "tail" 
"scan" "read.table" "read.csv" "<Anonymous>" "rankhospital" "FUN" "lapply" "sapply" "rankall" "tail" 
"scan" "read.table" "read.csv" "<Anonymous>" "rankhospital" "FUN" "lapply" "sapply" "rankall" "tail" 
"scan" "read.table" "read.csv" "getData" "best" "rankhospital" "FUN" "lapply" "sapply" "rankall" "tail" 
"scan" "read.table" "read.csv" "getData" "best" "rankhospital" "FUN" "lapply" "sapply" "rankall" "tail" 
"scan" "read.table" "read.csv" "getData" "best" "rankhospital" "FUN" "lapply" "sapply" "rankall" "tail" 
"scan" "read.table" "read.csv" "getData" "best" "rankhospital" "FUN" "lapply" "sapply" "rankall" "tail" 
"scan" "read.table" "read.csv" "getData" "best" "rankhospital" "FUN" "lapply" "sapply" "rankall" "tail" 
"scan" "read.table" "read.csv" "getData" "best" "rankhospital" "FUN" "lapply" "sapply" "rankall" "tail" 
"scan" "read.table" "read.csv" "<Anonymous>" "rankhospital" "FUN" "lapply" "sapply" "rankall" "tail" 
"scan" "read.table" "read.csv" "<Anonymous>" "rankhospital" "FUN" "lapply" "sapply" "rankall" "tail" 
"scan" "read.table" "read.csv" "<Anonymous>" "rankhospital" "FUN" "lapply" "sapply" "rankall" "tail" 
"scan" "read.table" "read.csv" "<Anonymous>" "rankhospital" "FUN" "lapply" "sapply" "rankall" "tail" 
"scan" "read.table" "read.csv" "<Anonymous>" "rankhospital" "FUN" "lapply" "sapply" "rankall" "tail" 
"scan" "read.table" "read.csv" "<Anonymous>" "rankhospital" "FUN" "lapply" "sapply" "rankall" "tail" 
"scan" "read.table" "read.csv" "getData" "best" "rankhospital" "FUN" "lapply" "sapply" "rankall" "tail" 
"scan" "read.table" "read.csv" "getData" "best" "rankhospital" "FUN" "lapply" "sapply" "rankall" "tail" 
"scan" "read.table" "read.csv" "getData" "best" "rankhospital" "FUN" "lapply" "sapply" "rankall" "tail" 
"scan" "read.table" "read.csv" "getData" "best" "rankhospital" "FUN" "lapply" "sapply" "rankall" "tail" 
"scan" "read.table" "read.csv" "getData" "best" "rankhospital" "FUN" "lapply" "sapply" "rankall" "tail" 
"scan" "read.table" "read.csv" "getData" "best" "rankhospital" "FUN" "lapply" "sapply" "rankall" "tail" 
"scan" "read.table" "read.csv" "<Anonymous>" "rankhospital" "FUN" "lapply" "sapply" "rankall" "tail" 
"scan" "read.table" "read.csv" "<Anonymous>" "rankhospital" "FUN" "lapply" "sapply" "rankall" "tail" 
"scan" "read.table" "read.csv" "<Anonymous>" "rankhospital" "FUN" "lapply" "sapply" "rankall" "tail" 
"scan" "read.table" "read.csv" "<Anonymous>" "rankhospital" "FUN" "lapply" "sapply" "rankall" "tail" 
"scan" "read.table" "read.csv" "<Anonymous>" "rankhospital" "FUN" "lapply" "sapply" "rankall" "tail" 
"scan" "read.table" "read.csv" "<Anonymous>" "rankhospital" "FUN" "lapply" "sapply" "rankall" "tail" 
"scan" "read.table" "read.csv" "getData" "best" "rankhospital" "FUN" "lapply" "sapply" "rankall" "tail" 
"scan" "read.table" "read.csv" "getData" "best" "rankhospital" "FUN" "lapply" "sapply" "rankall" "tail" 
"scan" "read.table" "read.csv" "getData" "best" "rankhospital" "FUN" "lapply" "sapply" "rankall" "tail" 
"scan" "read.table" "read.csv" "getData" "best" "rankhospital" "FUN" "lapply" "sapply" "rankall" "tail" 
"scan" "read.table" "read.csv" "getData" "best" "rankhospital" "FUN" "lapply" "sapply" "rankall" "tail" 
"scan" "read.table" "read.csv" "getData" "best" "rankhospital" "FUN" "lapply" "sapply" "rankall" "tail" 
"scan" "read.table" "read.csv" "<Anonymous>" "rankhospital" "FUN" "lapply" "sapply" "rankall" "tail" 
"scan" "read.table" "read.csv" "<Anonymous>" "rankhospital" "FUN" "lapply" "sapply" "rankall" "tail" 
"scan" "read.table" "read.csv" "<Anonymous>" "rankhospital" "FUN" "lapply" "sapply" "rankall" "tail" 
"scan" "read.table" "read.csv" "<Anonymous>" "rankhospital" "FUN" "lapply" "sapply" "rankall" "tail" 
"scan" "read.table" "read.csv" "<Anonymous>" "rankhospital" "FUN" "lapply" "sapply" "rankall" "tail" 
"scan" "read.table" "read.csv" "<Anonymous>" "rankhospital" "FUN" "lapply" "sapply" "rankall" "tail" 
"scan" "read.table" "read.csv" "getData" "best" "rankhospital" "FUN" "lapply" "sapply" "rankall" "tail" 
"scan" "read.table" "read.csv" "getData" "best" "rankhospital" "FUN" "lapply" "sapply" "rankall" "tail" 
"scan" "read.table" "read.csv" "getData" "best" "rankhospital" "FUN" "lapply" "sapply" "rankall" "tail" 
"scan" "read.table" "read.csv" "getData" "best" "rankhospital" "FUN" "lapply" "sapply" "rankall" "tail" 
"scan" "read.table" "read.csv" "getData" "best" "rankhospital" "FUN" "lapply" "sapply" "rankall" "tail" 
"scan" "read.table" "read.csv" "getData" "best" "rankhospital" "FUN" "lapply" "sapply" "rankall" "tail" 
"scan" "read.table" "read.csv" "getData" "best" "rankhospital" "FUN" "lapply" "sapply" "rankall" "tail" 
"scan" "read.table" "read.csv" "<Anonymous>" "rankhospital" "FUN" "lapply" "sapply" "rankall" "tail" 
"scan" "read.table" "read.csv" "<Anonymous>" "rankhospital" "FUN" "lapply" "sapply" "rankall" "tail" 
"scan" "read.table" "read.csv" "<Anonymous>" "rankhospital" "FUN" "lapply" "sapply" "rankall" "tail" 
"scan" "read.table" "read.csv" "<Anonymous>" "rankhospital" "FUN" "lapply" "sapply" "rankall" "tail" 
"scan" "read.table" "read.csv" "<Anonymous>" "rankhospital" "FUN" "lapply" "sapply" "rankall" "tail" 
"scan" "read.table" "read.csv" "<Anonymous>" "rankhospital" "FUN" "lapply" "sapply" "rankall" "tail" 
"scan" "read.table" "read.csv" "getData" "best" "rankhospital" "FUN" "lapply" "sapply" "rankall" "tail" 
"scan" "read.table" "read.csv" "getData" "best" "rankhospital" "FUN" "lapply" "sapply" "rankall" "tail" 
"scan" "read.table" "read.csv" "getData" "best" "rankhospital" "FUN" "lapply" "sapply" "rankall" "tail" 
"scan" "read.table" "read.csv" "getData" "best" "rankhospital" "FUN" "lapply" "sapply" "rankall" "tail" 
"scan" "read.table" "read.csv" "getData" "best" "rankhospital" "FUN" "lapply" "sapply" "rankall" "tail" 
"scan" "read.table" "read.csv" "getData" "best" "rankhospital" "FUN" "lapply" "sapply" "rankall" "tail" 
"as.numeric" "withCallingHandlers" "suppressWarnings" "getData" "best" "rankhospital" "FUN" "lapply" "sapply" "rankall" "tail" 
"scan" "read.table" "read.csv" "<Anonymous>" "rankhospital" "FUN" "lapply" "sapply" "rankall" "tail" 
"scan" "read.table" "read.csv" "<Anonymous>" "rankhospital" "FUN" "lapply" "sapply" "rankall" "tail" 
"scan" "read.table" "read.csv" "<Anonymous>" "rankhospital" "FUN" "lapply" "sapply" "rankall" "tail" 
"scan" "read.table" "read.csv" "<Anonymous>" "rankhospital" "FUN" "lapply" "sapply" "rankall" "tail" 
"scan" "read.table" "read.csv" "<Anonymous>" "rankhospital" "FUN" "lapply" "sapply" "rankall" "tail" 
"file" "source" "rankhospital" "FUN" "lapply" "sapply" "rankall" "tail" 
"scan" "read.table" "read.csv" "getData" "best" "rankhospital" "FUN" "lapply" "sapply" "rankall" "tail" 
"scan" "read.table" "read.csv" "getData" "best" "rankhospital" "FUN" "lapply" "sapply" "rankall" "tail" 
"scan" "read.table" "read.csv" "getData" "best" "rankhospital" "FUN" "lapply" "sapply" "rankall" "tail" 
"scan" "read.table" "read.csv" "getData" "best" "rankhospital" "FUN" "lapply" "sapply" "rankall" "tail" 
"scan" "read.table" "read.csv" "getData" "best" "rankhospital" "FUN" "lapply" "sapply" "rankall" "tail" 
"scan" "read.table" "read.csv" "getData" "best" "rankhospital" "FUN" "lapply" "sapply" "rankall" "tail" 
"scan" "read.table" "read.csv" "<Anonymous>" "rankhospital" "FUN" "lapply" "sapply" "rankall" "tail" 
"scan" "read.table" "read.csv" "<Anonymous>" "rankhospital" "FUN" "lapply" "sapply" "rankall" "tail" 
"scan" "read.table" "read.csv" "<Anonymous>" "rankhospital" "FUN" "lapply" "sapply" "rankall" "tail" 
"scan" "read.table" "read.csv" "<Anonymous>" "rankhospital" "FUN" "lapply" "sapply" "rankall" "tail" 
"scan" "read.table" "read.csv" "<Anonymous>" "rankhospital" "FUN" "lapply" "sapply" "rankall" "tail" 
"as.numeric" "withCallingHandlers" "suppressWarnings" "<Anonymous>" "rankhospital" "FUN" "lapply" "sapply" "rankall" "tail" 
"scan" "read.table" "read.csv" "getData" "best" "rankhospital" "FUN" "lapply" "sapply" "rankall" "tail" 
"scan" "read.table" "read.csv" "getData" "best" "rankhospital" "FUN" "lapply" "sapply" "rankall" "tail" 
"scan" "read.table" "read.csv" "getData" "best" "rankhospital" "FUN" "lapply" "sapply" "rankall" "tail" 
"scan" "read.table" "read.csv" "getData" "best" "rankhospital" "FUN" "lapply" "sapply" "rankall" "tail" 
"scan" "read.table" "read.csv" "getData" "best" "rankhospital" "FUN" "lapply" "sapply" "rankall" "tail" 
".External" "read.table" "read.csv" "<Anonymous>" "rankhospital" "FUN" "lapply" "sapply" "rankall" "tail" 
"scan" "read.table" "read.csv" "<Anonymous>" "rankhospital" "FUN" "lapply" "sapply" "rankall" "tail" 
"scan" "read.table" "read.csv" "<Anonymous>" "rankhospital" "FUN" "lapply" "sapply" "rankall" "tail" 
"scan" "read.table" "read.csv" "<Anonymous>" "rankhospital" "FUN" "lapply" "sapply" "rankall" "tail" 
"scan" "read.table" "read.csv" "<Anonymous>" "rankhospital" "FUN" "lapply" "sapply" "rankall" "tail" 
"scan" "read.table" "read.csv" "<Anonymous>" "rankhospital" "FUN" "lapply" "sapply" "rankall" "tail" 
"scan" "read.table" "read.csv" "<Anonymous>" "rankhospital" "FUN" "lapply" "sapply" "rankall" "tail" 
"scan" "read.table" "read.csv" "getData" "best" "rankhospital" "FUN" "lapply" "sapply" "rankall" "tail" 
"scan" "read.table" "read.csv" "getData" "best" "rankhospital" "FUN" "lapply" "sapply" "rankall" "tail" 
"scan" "read.table" "read.csv" "getData" "best" "rankhospital" "FUN" "lapply" "sapply" "rankall" "tail" 
"scan" "read.table" "read.csv" "getData" "best" "rankhospital" "FUN" "lapply" "sapply" "rankall" "tail" 
"scan" "read.table" "read.csv" "getData" "best" "rankhospital" "FUN" "lapply" "sapply" "rankall" "tail" 
"scan" "read.table" "read.csv" "getData" "best" "rankhospital" "FUN" "lapply" "sapply" "rankall" "tail" 
"scan" "read.table" "read.csv" "getData" "best" "rankhospital" "FUN" "lapply" "sapply" "rankall" "tail" 
"scan" "read.table" "read.csv" "<Anonymous>" "rankhospital" "FUN" "lapply" "sapply" "rankall" "tail" 
"scan" "read.table" "read.csv" "<Anonymous>" "rankhospital" "FUN" "lapply" "sapply" "rankall" "tail" 
"scan" "read.table" "read.csv" "<Anonymous>" "rankhospital" "FUN" "lapply" "sapply" "rankall" "tail" 
"scan" "read.table" "read.csv" "<Anonymous>" "rankhospital" "FUN" "lapply" "sapply" "rankall" "tail" 
"scan" "read.table" "read.csv" "<Anonymous>" "rankhospital" "FUN" "lapply" "sapply" "rankall" "tail" 
"scan" "read.table" "read.csv" "<Anonymous>" "rankhospital" "FUN" "lapply" "sapply" "rankall" "tail" 
"scan" "read.table" "read.csv" "getData" "best" "rankhospital" "FUN" "lapply" "sapply" "rankall" "tail" 
"scan" "read.table" "read.csv" "getData" "best" "rankhospital" "FUN" "lapply" "sapply" "rankall" "tail" 
"scan" "read.table" "read.csv" "getData" "best" "rankhospital" "FUN" "lapply" "sapply" "rankall" "tail" 
"scan" "read.table" "read.csv" "getData" "best" "rankhospital" "FUN" "lapply" "sapply" "rankall" "tail" 
"scan" "read.table" "read.csv" "getData" "best" "rankhospital" "FUN" "lapply" "sapply" "rankall" "tail" 
"scan" "read.table" "read.csv" "getData" "best" "rankhospital" "FUN" "lapply" "sapply" "rankall" "tail" 
"scan" "read.table" "read.csv" "<Anonymous>" "rankhospital" "FUN" "lapply" "sapply" "rankall" "tail" 
"scan" "read.table" "read.csv" "<Anonymous>" "rankhospital" "FUN" "lapply" "sapply" "rankall" "tail" 
"scan" "read.table" "read.csv" "<Anonymous>" "rankhospital" "FUN" "lapply" "sapply" "rankall" "tail" 
"scan" "read.table" "read.csv" "<Anonymous>" "rankhospital" "FUN" "lapply" "sapply" "rankall" "tail" 
"scan" "read.table" "read.csv" "<Anonymous>" "rankhospital" "FUN" "lapply" "sapply" "rankall" "tail" 
"scan" "read.table" "read.csv" "<Anonymous>" "rankhospital" "FUN" "lapply" "sapply" "rankall" "tail" 
"scan" "read.table" "read.csv" "getData" "best" "rankhospital" "FUN" "lapply" "sapply" "rankall" "tail" 
"scan" "read.table" "read.csv" "getData" "best" "rankhospital" "FUN" "lapply" "sapply" "rankall" "tail" 
"scan" "read.table" "read.csv" "getData" "best" "rankhospital" "FUN" "lapply" "sapply" "rankall" "tail" 
"scan" "read.table" "read.csv" "getData" "best" "rankhospital" "FUN" "lapply" "sapply" "rankall" "tail" 
"scan" "read.table" "read.csv" "getData" "best" "rankhospital" "FUN" "lapply" "sapply" "rankall" "tail" 
"scan" "read.table" "read.csv" "getData" "best" "rankhospital" "FUN" "lapply" "sapply" "rankall" "tail" 
"Ops.data.frame" "==" "getBest" "best" "rankhospital" "FUN" "lapply" "sapply" "rankall" "tail" 
"scan" "read.table" "read.csv" "<Anonymous>" "rankhospital" "FUN" "lapply" "sapply" "rankall" "tail" 
"scan" "read.table" "read.csv" "<Anonymous>" "rankhospital" "FUN" "lapply" "sapply" "rankall" "tail" 
"scan" "read.table" "read.csv" "<Anonymous>" "rankhospital" "FUN" "lapply" "sapply" "rankall" "tail" 
"scan" "read.table" "read.csv" "<Anonymous>" "rankhospital" "FUN" "lapply" "sapply" "rankall" "tail" 
"scan" "read.table" "read.csv" "<Anonymous>" "rankhospital" "FUN" "lapply" "sapply" "rankall" "tail" 
"scan" "read.table" "read.csv" "<Anonymous>" "rankhospital" "FUN" "lapply" "sapply" "rankall" "tail" 
"scan" "read.table" "read.csv" "<Anonymous>" "rankhospital" "FUN" "lapply" "sapply" "rankall" "tail" 
"scan" "read.table" "read.csv" "getData" "best" "rankhospital" "FUN" "lapply" "sapply" "rankall" "tail" 
"scan" "read.table" "read.csv" "getData" "best" "rankhospital" "FUN" "lapply" "sapply" "rankall" "tail" 
"scan" "read.table" "read.csv" "getData" "best" "rankhospital" "FUN" "lapply" "sapply" "rankall" "tail" 
"scan" "read.table" "read.csv" "getData" "best" "rankhospital" "FUN" "lapply" "sapply" "rankall" "tail" 
"scan" "read.table" "read.csv" "getData" "best" "rankhospital" "FUN" "lapply" "sapply" "rankall" "tail" 
"scan" "read.table" "read.csv" "getData" "best" "rankhospital" "FUN" "lapply" "sapply" "rankall" "tail" 
"scan" "read.table" "read.csv" "<Anonymous>" "rankhospital" "FUN" "lapply" "sapply" "rankall" "tail" 
"scan" "read.table" "read.csv" "<Anonymous>" "rankhospital" "FUN" "lapply" "sapply" "rankall" "tail" 
"scan" "read.table" "read.csv" "<Anonymous>" "rankhospital" "FUN" "lapply" "sapply" "rankall" "tail" 
"scan" "read.table" "read.csv" "<Anonymous>" "rankhospital" "FUN" "lapply" "sapply" "rankall" "tail" 
"scan" "read.table" "read.csv" "<Anonymous>" "rankhospital" "FUN" "lapply" "sapply" "rankall" "tail" 
"scan" "read.table" "read.csv" "<Anonymous>" "rankhospital" "FUN" "lapply" "sapply" "rankall" "tail" 
"scan" "read.table" "read.csv" "<Anonymous>" "rankhospital" "FUN" "lapply" "sapply" "rankall" "tail" 
"scan" "read.table" "read.csv" "getData" "best" "rankhospital" "FUN" "lapply" "sapply" "rankall" "tail" 
"scan" "read.table" "read.csv" "getData" "best" "rankhospital" "FUN" "lapply" "sapply" "rankall" "tail" 
"scan" "read.table" "read.csv" "getData" "best" "rankhospital" "FUN" "lapply" "sapply" "rankall" "tail" 
"scan" "read.table" "read.csv" "getData" "best" "rankhospital" "FUN" "lapply" "sapply" "rankall" "tail" 
"scan" "read.table" "read.csv" "getData" "best" "rankhospital" "FUN" "lapply" "sapply" "rankall" "tail" 
"scan" "read.table" "read.csv" "getData" "best" "rankhospital" "FUN" "lapply" "sapply" "rankall" "tail" 
"scan" "read.table" "read.csv" "getData" "best" "rankhospital" "FUN" "lapply" "sapply" "rankall" "tail" 
"scan" "read.table" "read.csv" "getData" "best" "rankhospital" "FUN" "lapply" "sapply" "rankall" "tail" 
"scan" "read.table" "read.csv" "getData" "best" "rankhospital" "FUN" "lapply" "sapply" "rankall" "tail" 
"doWithOneRestart" "withOneRestart" "withRestarts" ".signalSimpleWarning" "as.numeric" "withCallingHandlers" "suppressWarnings" "getData" "best" "rankhospital" "FUN" "lapply" "sapply" "rankall" "tail" 
"scan" "read.table" "read.csv" "<Anonymous>" "rankhospital" "FUN" "lapply" "sapply" "rankall" "tail" 
"scan" "read.table" "read.csv" "<Anonymous>" "rankhospital" "FUN" "lapply" "sapply" "rankall" "tail" 
"scan" "read.table" "read.csv" "<Anonymous>" "rankhospital" "FUN" "lapply" "sapply" "rankall" "tail" 
"scan" "read.table" "read.csv" "<Anonymous>" "rankhospital" "FUN" "lapply" "sapply" "rankall" "tail" 
"scan" "read.table" "read.csv" "<Anonymous>" "rankhospital" "FUN" "lapply" "sapply" "rankall" "tail" 
"scan" "read.table" "read.csv" "<Anonymous>" "rankhospital" "FUN" "lapply" "sapply" "rankall" "tail" 
"scan" "read.table" "read.csv" "<Anonymous>" "rankhospital" "FUN" "lapply" "sapply" "rankall" "tail" 
"scan" "read.table" "read.csv" "getData" "best" "rankhospital" "FUN" "lapply" "sapply" "rankall" "tail" 
"scan" "read.table" "read.csv" "getData" "best" "rankhospital" "FUN" "lapply" "sapply" "rankall" "tail" 
"scan" "read.table" "read.csv" "getData" "best" "rankhospital" "FUN" "lapply" "sapply" "rankall" "tail" 
"scan" "read.table" "read.csv" "getData" "best" "rankhospital" "FUN" "lapply" "sapply" "rankall" "tail" 
"scan" "read.table" "read.csv" "getData" "best" "rankhospital" "FUN" "lapply" "sapply" "rankall" "tail" 
"scan" "read.table" "read.csv" "getData" "best" "rankhospital" "FUN" "lapply" "sapply" "rankall" "tail" 
"scan" "read.table" "read.csv" "getData" "best" "rankhospital" "FUN" "lapply" "sapply" "rankall" "tail" 
"scan" "read.table" "read.csv" "getData" "best" "rankhospital" "FUN" "lapply" "sapply" "rankall" "tail" 
"scan" "read.table" "read.csv" "<Anonymous>" "rankhospital" "FUN" "lapply" "sapply" "rankall" "tail" 
"scan" "read.table" "read.csv" "<Anonymous>" "rankhospital" "FUN" "lapply" "sapply" "rankall" "tail" 
"scan" "read.table" "read.csv" "<Anonymous>" "rankhospital" "FUN" "lapply" "sapply" "rankall" "tail" 
"scan" "read.table" "read.csv" "<Anonymous>" "rankhospital" "FUN" "lapply" "sapply" "rankall" "tail" 
"scan" "read.table" "read.csv" "<Anonymous>" "rankhospital" "FUN" "lapply" "sapply" "rankall" "tail" 
"scan" "read.table" "read.csv" "<Anonymous>" "rankhospital" "FUN" "lapply" "sapply" "rankall" "tail" 
"source" "rankhospital" "FUN" "lapply" "sapply" "rankall" "tail" 
"scan" "read.table" "read.csv" "getData" "best" "rankhospital" "FUN" "lapply" "sapply" "rankall" "tail" 
"scan" "read.table" "read.csv" "getData" "best" "rankhospital" "FUN" "lapply" "sapply" "rankall" "tail" 
"scan" "read.table" "read.csv" "getData" "best" "rankhospital" "FUN" "lapply" "sapply" "rankall" "tail" 
"scan" "read.table" "read.csv" "getData" "best" "rankhospital" "FUN" "lapply" "sapply" "rankall" "tail" 
"scan" "read.table" "read.csv" "getData" "best" "rankhospital" "FUN" "lapply" "sapply" "rankall" "tail" 
"scan" "read.table" "read.csv" "<Anonymous>" "rankhospital" "FUN" "lapply" "sapply" "rankall" "tail" 
"scan" "read.table" "read.csv" "<Anonymous>" "rankhospital" "FUN" "lapply" "sapply" "rankall" "tail" 
"scan" "read.table" "read.csv" "<Anonymous>" "rankhospital" "FUN" "lapply" "sapply" "rankall" "tail" 
"scan" "read.table" "read.csv" "<Anonymous>" "rankhospital" "FUN" "lapply" "sapply" "rankall" "tail" 
"scan" "read.table" "read.csv" "<Anonymous>" "rankhospital" "FUN" "lapply" "sapply" "rankall" "tail" 
"scan" "read.table" "read.csv" "<Anonymous>" "rankhospital" "FUN" "lapply" "sapply" "rankall" "tail" 
"scan" "read.table" "read.csv" "<Anonymous>" "rankhospital" "FUN" "lapply" "sapply" "rankall" "tail" 
"scan" "read.table" "read.csv" "getData" "best" "rankhospital" "FUN" "lapply" "sapply" "rankall" "tail" 
"scan" "read.table" "read.csv" "getData" "best" "rankhospital" "FUN" "lapply" "sapply" "rankall" "tail" 
"scan" "read.table" "read.csv" "getData" "best" "rankhospital" "FUN" "lapply" "sapply" "rankall" "tail" 
"scan" "read.table" "read.csv" "getData" "best" "rankhospital" "FUN" "lapply" "sapply" "rankall" "tail" 
"scan" "read.table" "read.csv" "getData" "best" "rankhospital" "FUN" "lapply" "sapply" "rankall" "tail" 
"scan" "read.table" "read.csv" "getData" "best" "rankhospital" "FUN" "lapply" "sapply" "rankall" "tail" 
"scan" "read.table" "read.csv" "<Anonymous>" "rankhospital" "FUN" "lapply" "sapply" "rankall" "tail" 
"scan" "read.table" "read.csv" "<Anonymous>" "rankhospital" "FUN" "lapply" "sapply" "rankall" "tail" 
"scan" "read.table" "read.csv" "<Anonymous>" "rankhospital" "FUN" "lapply" "sapply" "rankall" "tail" 
"scan" "read.table" "read.csv" "<Anonymous>" "rankhospital" "FUN" "lapply" "sapply" "rankall" "tail" 
"scan" "read.table" "read.csv" "<Anonymous>" "rankhospital" "FUN" "lapply" "sapply" "rankall" "tail" 
"scan" "read.table" "read.csv" "<Anonymous>" "rankhospital" "FUN" "lapply" "sapply" "rankall" "tail" 
"scan" "read.table" "read.csv" "getData" "best" "rankhospital" "FUN" "lapply" "sapply" "rankall" "tail" 
"scan" "read.table" "read.csv" "getData" "best" "rankhospital" "FUN" "lapply" "sapply" "rankall" "tail" 
"scan" "read.table" "read.csv" "getData" "best" "rankhospital" "FUN" "lapply" "sapply" "rankall" "tail" 
"scan" "read.table" "read.csv" "getData" "best" "rankhospital" "FUN" "lapply" "sapply" "rankall" "tail" 
"scan" "read.table" "read.csv" "getData" "best" "rankhospital" "FUN" "lapply" "sapply" "rankall" "tail" 
"scan" "read.table" "read.csv" "<Anonymous>" "rankhospital" "FUN" "lapply" "sapply" "rankall" "tail" 
"scan" "read.table" "read.csv" "<Anonymous>" "rankhospital" "FUN" "lapply" "sapply" "rankall" "tail" 
"scan" "read.table" "read.csv" "<Anonymous>" "rankhospital" "FUN" "lapply" "sapply" "rankall" "tail" 
"scan" "read.table" "read.csv" "<Anonymous>" "rankhospital" "FUN" "lapply" "sapply" "rankall" "tail" 
"scan" "read.table" "read.csv" "<Anonymous>" "rankhospital" "FUN" "lapply" "sapply" "rankall" "tail" 
"scan" "read.table" "read.csv" "<Anonymous>" "rankhospital" "FUN" "lapply" "sapply" "rankall" "tail" 
"scan" "read.table" "read.csv" "getData" "best" "rankhospital" "FUN" "lapply" "sapply" "rankall" "tail" 
"scan" "read.table" "read.csv" "getData" "best" "rankhospital" "FUN" "lapply" "sapply" "rankall" "tail" 
"scan" "read.table" "read.csv" "getData" "best" "rankhospital" "FUN" "lapply" "sapply" "rankall" "tail" 
"scan" "read.table" "read.csv" "getData" "best" "rankhospital" "FUN" "lapply" "sapply" "rankall" "tail" 
"scan" "read.table" "read.csv" "getData" "best" "rankhospital" "FUN" "lapply" "sapply" "rankall" "tail" 
"scan" "read.table" "read.csv" "getData" "best" "rankhospital" "FUN" "lapply" "sapply" "rankall" "tail" 
"scan" "read.table" "read.csv" "getData" "best" "rankhospital" "FUN" "lapply" "sapply" "rankall" "tail" 
"scan" "read.table" "read.csv" "getData" "best" "rankhospital" "FUN" "lapply" "sapply" "rankall" "tail" 
"scan" "read.table" "read.csv" "getData" "best" "rankhospital" "FUN" "lapply" "sapply" "rankall" "tail" 
"scan" "read.table" "read.csv" "<Anonymous>" "rankhospital" "FUN" "lapply" "sapply" "rankall" "tail" 
"scan" "read.table" "read.csv" "<Anonymous>" "rankhospital" "FUN" "lapply" "sapply" "rankall" "tail" 
"scan" "read.table" "read.csv" "<Anonymous>" "rankhospital" "FUN" "lapply" "sapply" "rankall" "tail" 
"scan" "read.table" "read.csv" "<Anonymous>" "rankhospital" "FUN" "lapply" "sapply" "rankall" "tail" 
"scan" "read.table" "read.csv" "<Anonymous>" "rankhospital" "FUN" "lapply" "sapply" "rankall" "tail" 
"scan" "read.table" "read.csv" "<Anonymous>" "rankhospital" "FUN" "lapply" "sapply" "rankall" "tail" 
"scan" "read.table" "read.csv" "<Anonymous>" "rankhospital" "FUN" "lapply" "sapply" "rankall" "tail" 
"scan" "read.table" "read.csv" "getData" "best" "rankhospital" "FUN" "lapply" "sapply" "rankall" "tail" 
"scan" "read.table" "read.csv" "getData" "best" "rankhospital" "FUN" "lapply" "sapply" "rankall" "tail" 
"scan" "read.table" "read.csv" "getData" "best" "rankhospital" "FUN" "lapply" "sapply" "rankall" "tail" 
"scan" "read.table" "read.csv" "getData" "best" "rankhospital" "FUN" "lapply" "sapply" "rankall" "tail" 
"scan" "read.table" "read.csv" "getData" "best" "rankhospital" "FUN" "lapply" "sapply" "rankall" "tail" 
"match" "%in%" "[.data.frame" "[" "getBest" "best" "rankhospital" "FUN" "lapply" "sapply" "rankall" "tail" 
"scan" "read.table" "read.csv" "<Anonymous>" "rankhospital" "FUN" "lapply" "sapply" "rankall" "tail" 
"scan" "read.table" "read.csv" "<Anonymous>" "rankhospital" "FUN" "lapply" "sapply" "rankall" "tail" 
"scan" "read.table" "read.csv" "<Anonymous>" "rankhospital" "FUN" "lapply" "sapply" "rankall" "tail" 
"scan" "read.table" "read.csv" "<Anonymous>" "rankhospital" "FUN" "lapply" "sapply" "rankall" "tail" 
"scan" "read.table" "read.csv" "<Anonymous>" "rankhospital" "FUN" "lapply" "sapply" "rankall" "tail" 
"scan" "read.table" "read.csv" "getData" "best" "rankhospital" "FUN" "lapply" "sapply" "rankall" "tail" 
"scan" "read.table" "read.csv" "getData" "best" "rankhospital" "FUN" "lapply" "sapply" "rankall" "tail" 
"scan" "read.table" "read.csv" "getData" "best" "rankhospital" "FUN" "lapply" "sapply" "rankall" "tail" 
"scan" "read.table" "read.csv" "getData" "best" "rankhospital" "FUN" "lapply" "sapply" "rankall" "tail" 
"scan" "read.table" "read.csv" "getData" "best" "rankhospital" "FUN" "lapply" "sapply" "rankall" "tail" 
"scan" "read.table" "read.csv" "getData" "best" "rankhospital" "FUN" "lapply" "sapply" "rankall" "tail" 
"scan" "read.table" "read.csv" "<Anonymous>" "rankhospital" "FUN" "lapply" "sapply" "rankall" "tail" 
"scan" "read.table" "read.csv" "<Anonymous>" "rankhospital" "FUN" "lapply" "sapply" "rankall" "tail" 
"scan" "read.table" "read.csv" "<Anonymous>" "rankhospital" "FUN" "lapply" "sapply" "rankall" "tail" 
"scan" "read.table" "read.csv" "<Anonymous>" "rankhospital" "FUN" "lapply" "sapply" "rankall" "tail" 
"scan" "read.table" "read.csv" "<Anonymous>" "rankhospital" "FUN" "lapply" "sapply" "rankall" "tail" 
"scan" "read.table" "read.csv" "<Anonymous>" "rankhospital" "FUN" "lapply" "sapply" "rankall" "tail" 
".External" "read.table" "read.csv" "getData" "best" "rankhospital" "FUN" "lapply" "sapply" "rankall" "tail" 
"scan" "read.table" "read.csv" "getData" "best" "rankhospital" "FUN" "lapply" "sapply" "rankall" "tail" 
"scan" "read.table" "read.csv" "getData" "best" "rankhospital" "FUN" "lapply" "sapply" "rankall" "tail" 
"scan" "read.table" "read.csv" "getData" "best" "rankhospital" "FUN" "lapply" "sapply" "rankall" "tail" 
"scan" "read.table" "read.csv" "getData" "best" "rankhospital" "FUN" "lapply" "sapply" "rankall" "tail" 
"scan" "read.table" "read.csv" "getData" "best" "rankhospital" "FUN" "lapply" "sapply" "rankall" "tail" 
"list" "matrix" "Ops.data.frame" "==" "getBest" "best" "rankhospital" "FUN" "lapply" "sapply" "rankall" "tail" 
"scan" "read.table" "read.csv" "<Anonymous>" "rankhospital" "FUN" "lapply" "sapply" "rankall" "tail" 
"scan" "read.table" "read.csv" "<Anonymous>" "rankhospital" "FUN" "lapply" "sapply" "rankall" "tail" 
"scan" "read.table" "read.csv" "<Anonymous>" "rankhospital" "FUN" "lapply" "sapply" "rankall" "tail" 
"scan" "read.table" "read.csv" "<Anonymous>" "rankhospital" "FUN" "lapply" "sapply" "rankall" "tail" 
"scan" "read.table" "read.csv" "<Anonymous>" "rankhospital" "FUN" "lapply" "sapply" "rankall" "tail" 
"scan" "read.table" "read.csv" "getData" "best" "rankhospital" "FUN" "lapply" "sapply" "rankall" "tail" 
"scan" "read.table" "read.csv" "getData" "best" "rankhospital" "FUN" "lapply" "sapply" "rankall" "tail" 
"scan" "read.table" "read.csv" "getData" "best" "rankhospital" "FUN" "lapply" "sapply" "rankall" "tail" 
"scan" "read.table" "read.csv" "getData" "best" "rankhospital" "FUN" "lapply" "sapply" "rankall" "tail" 
"scan" "read.table" "read.csv" "getData" "best" "rankhospital" "FUN" "lapply" "sapply" "rankall" "tail" 
"scan" "read.table" "read.csv" "getData" "best" "rankhospital" "FUN" "lapply" "sapply" "rankall" "tail" 
"scan" "read.table" "read.csv" "<Anonymous>" "rankhospital" "FUN" "lapply" "sapply" "rankall" "tail" 
"scan" "read.table" "read.csv" "<Anonymous>" "rankhospital" "FUN" "lapply" "sapply" "rankall" "tail" 
"scan" "read.table" "read.csv" "<Anonymous>" "rankhospital" "FUN" "lapply" "sapply" "rankall" "tail" 
"scan" "read.table" "read.csv" "<Anonymous>" "rankhospital" "FUN" "lapply" "sapply" "rankall" "tail" 
"scan" "read.table" "read.csv" "<Anonymous>" "rankhospital" "FUN" "lapply" "sapply" "rankall" "tail" 
"scan" "read.table" "read.csv" "<Anonymous>" "rankhospital" "FUN" "lapply" "sapply" "rankall" "tail" 
"scan" "read.table" "read.csv" "getData" "best" "rankhospital" "FUN" "lapply" "sapply" "rankall" "tail" 
"scan" "read.table" "read.csv" "getData" "best" "rankhospital" "FUN" "lapply" "sapply" "rankall" "tail" 
"scan" "read.table" "read.csv" "getData" "best" "rankhospital" "FUN" "lapply" "sapply" "rankall" "tail" 
"scan" "read.table" "read.csv" "getData" "best" "rankhospital" "FUN" "lapply" "sapply" "rankall" "tail" 
"scan" "read.table" "read.csv" "getData" "best" "rankhospital" "FUN" "lapply" "sapply" "rankall" "tail" 
"scan" "read.table" "read.csv" "getData" "best" "rankhospital" "FUN" "lapply" "sapply" "rankall" "tail" 
"scan" "read.table" "read.csv" "<Anonymous>" "rankhospital" "FUN" "lapply" "sapply" "rankall" "tail" 
"scan" "read.table" "read.csv" "<Anonymous>" "rankhospital" "FUN" "lapply" "sapply" "rankall" "tail" 
"scan" "read.table" "read.csv" "<Anonymous>" "rankhospital" "FUN" "lapply" "sapply" "rankall" "tail" 
"scan" "read.table" "read.csv" "<Anonymous>" "rankhospital" "FUN" "lapply" "sapply" "rankall" "tail" 
"scan" "read.table" "read.csv" "<Anonymous>" "rankhospital" "FUN" "lapply" "sapply" "rankall" "tail" 
"scan" "read.table" "read.csv" "<Anonymous>" "rankhospital" "FUN" "lapply" "sapply" "rankall" "tail" 
"scan" "read.table" "read.csv" "<Anonymous>" "rankhospital" "FUN" "lapply" "sapply" "rankall" "tail" 
"scan" "read.table" "read.csv" "getData" "best" "rankhospital" "FUN" "lapply" "sapply" "rankall" "tail" 
"scan" "read.table" "read.csv" "getData" "best" "rankhospital" "FUN" "lapply" "sapply" "rankall" "tail" 
"scan" "read.table" "read.csv" "getData" "best" "rankhospital" "FUN" "lapply" "sapply" "rankall" "tail" 
"scan" "read.table" "read.csv" "getData" "best" "rankhospital" "FUN" "lapply" "sapply" "rankall" "tail" 
"scan" "read.table" "read.csv" "getData" "best" "rankhospital" "FUN" "lapply" "sapply" "rankall" "tail" 
"scan" "read.table" "read.csv" "getData" "best" "rankhospital" "FUN" "lapply" "sapply" "rankall" "tail" 
"scan" "read.table" "read.csv" "<Anonymous>" "rankhospital" "FUN" "lapply" "sapply" "rankall" "tail" 
"scan" "read.table" "read.csv" "<Anonymous>" "rankhospital" "FUN" "lapply" "sapply" "rankall" "tail" 
"scan" "read.table" "read.csv" "<Anonymous>" "rankhospital" "FUN" "lapply" "sapply" "rankall" "tail" 
"scan" "read.table" "read.csv" "<Anonymous>" "rankhospital" "FUN" "lapply" "sapply" "rankall" "tail" 
"scan" "read.table" "read.csv" "<Anonymous>" "rankhospital" "FUN" "lapply" "sapply" "rankall" "tail" 
"scan" "read.table" "read.csv" "<Anonymous>" "rankhospital" "FUN" "lapply" "sapply" "rankall" "tail" 
"as.numeric" "withCallingHandlers" "suppressWarnings" "<Anonymous>" "rankhospital" "FUN" "lapply" "sapply" "rankall" "tail" 
"scan" "read.table" "read.csv" "getData" "best" "rankhospital" "FUN" "lapply" "sapply" "rankall" "tail" 
"scan" "read.table" "read.csv" "getData" "best" "rankhospital" "FUN" "lapply" "sapply" "rankall" "tail" 
"scan" "read.table" "read.csv" "getData" "best" "rankhospital" "FUN" "lapply" "sapply" "rankall" "tail" 
"scan" "read.table" "read.csv" "getData" "best" "rankhospital" "FUN" "lapply" "sapply" "rankall" "tail" 
"scan" "read.table" "read.csv" "getData" "best" "rankhospital" "FUN" "lapply" "sapply" "rankall" "tail" 
"scan" "read.table" "read.csv" "getData" "best" "rankhospital" "FUN" "lapply" "sapply" "rankall" "tail" 
"[[.data.frame" "[[" "[.data.frame" "[" "<Anonymous>" "[[.data.frame" "[[" "getBest" "best" "rankhospital" "FUN" "lapply" "sapply" "rankall" "tail" 
"scan" "read.table" "read.csv" "<Anonymous>" "rankhospital" "FUN" "lapply" "sapply" "rankall" "tail" 
"scan" "read.table" "read.csv" "<Anonymous>" "rankhospital" "FUN" "lapply" "sapply" "rankall" "tail" 
"scan" "read.table" "read.csv" "<Anonymous>" "rankhospital" "FUN" "lapply" "sapply" "rankall" "tail" 
"scan" "read.table" "read.csv" "<Anonymous>" "rankhospital" "FUN" "lapply" "sapply" "rankall" "tail" 
"scan" "read.table" "read.csv" "<Anonymous>" "rankhospital" "FUN" "lapply" "sapply" "rankall" "tail" 
"scan" "read.table" "read.csv" "getData" "best" "rankhospital" "FUN" "lapply" "sapply" "rankall" "tail" 
"scan" "read.table" "read.csv" "getData" "best" "rankhospital" "FUN" "lapply" "sapply" "rankall" "tail" 
"scan" "read.table" "read.csv" "getData" "best" "rankhospital" "FUN" "lapply" "sapply" "rankall" "tail" 
"scan" "read.table" "read.csv" "getData" "best" "rankhospital" "FUN" "lapply" "sapply" "rankall" "tail" 
"scan" "read.table" "read.csv" "getData" "best" "rankhospital" "FUN" "lapply" "sapply" "rankall" "tail" 
"scan" "read.table" "read.csv" "getData" "best" "rankhospital" "FUN" "lapply" "sapply" "rankall" "tail" 
"scan" "read.table" "read.csv" "<Anonymous>" "rankhospital" "FUN" "lapply" "sapply" "rankall" "tail" 
"scan" "read.table" "read.csv" "<Anonymous>" "rankhospital" "FUN" "lapply" "sapply" "rankall" "tail" 
"scan" "read.table" "read.csv" "<Anonymous>" "rankhospital" "FUN" "lapply" "sapply" "rankall" "tail" 
"scan" "read.table" "read.csv" "<Anonymous>" "rankhospital" "FUN" "lapply" "sapply" "rankall" "tail" 
"scan" "read.table" "read.csv" "<Anonymous>" "rankhospital" "FUN" "lapply" "sapply" "rankall" "tail" 
"scan" "read.table" "read.csv" "<Anonymous>" "rankhospital" "FUN" "lapply" "sapply" "rankall" "tail" 
"scan" "read.table" "read.csv" "getData" "best" "rankhospital" "FUN" "lapply" "sapply" "rankall" "tail" 
"scan" "read.table" "read.csv" "getData" "best" "rankhospital" "FUN" "lapply" "sapply" "rankall" "tail" 
"scan" "read.table" "read.csv" "getData" "best" "rankhospital" "FUN" "lapply" "sapply" "rankall" "tail" 
"scan" "read.table" "read.csv" "getData" "best" "rankhospital" "FUN" "lapply" "sapply" "rankall" "tail" 
"scan" "read.table" "read.csv" "getData" "best" "rankhospital" "FUN" "lapply" "sapply" "rankall" "tail" 
"scan" "read.table" "read.csv" "getData" "best" "rankhospital" "FUN" "lapply" "sapply" "rankall" "tail" 
"scan" "read.table" "read.csv" "<Anonymous>" "rankhospital" "FUN" "lapply" "sapply" "rankall" "tail" 
"scan" "read.table" "read.csv" "<Anonymous>" "rankhospital" "FUN" "lapply" "sapply" "rankall" "tail" 
"scan" "read.table" "read.csv" "<Anonymous>" "rankhospital" "FUN" "lapply" "sapply" "rankall" "tail" 
"scan" "read.table" "read.csv" "<Anonymous>" "rankhospital" "FUN" "lapply" "sapply" "rankall" "tail" 
"scan" "read.table" "read.csv" "<Anonymous>" "rankhospital" "FUN" "lapply" "sapply" "rankall" "tail" 
"scan" "read.table" "read.csv" "<Anonymous>" "rankhospital" "FUN" "lapply" "sapply" "rankall" "tail" 
"scan" "read.table" "read.csv" "getData" "best" "rankhospital" "FUN" "lapply" "sapply" "rankall" "tail" 
"scan" "read.table" "read.csv" "getData" "best" "rankhospital" "FUN" "lapply" "sapply" "rankall" "tail" 
"scan" "read.table" "read.csv" "getData" "best" "rankhospital" "FUN" "lapply" "sapply" "rankall" "tail" 
"scan" "read.table" "read.csv" "getData" "best" "rankhospital" "FUN" "lapply" "sapply" "rankall" "tail" 
"scan" "read.table" "read.csv" "getData" "best" "rankhospital" "FUN" "lapply" "sapply" "rankall" "tail" 
"structure" "makeRestart" "makeRestartList" "withRestarts" ".signalSimpleWarning" "as.numeric" "withCallingHandlers" "suppressWarnings" "getData" "best" "rankhospital" "FUN" "lapply" "sapply" "rankall" "tail" 
"scan" "read.table" "read.csv" "<Anonymous>" "rankhospital" "FUN" "lapply" "sapply" "rankall" "tail" 
"scan" "read.table" "read.csv" "<Anonymous>" "rankhospital" "FUN" "lapply" "sapply" "rankall" "tail" 
"scan" "read.table" "read.csv" "<Anonymous>" "rankhospital" "FUN" "lapply" "sapply" "rankall" "tail" 
"scan" "read.table" "read.csv" "<Anonymous>" "rankhospital" "FUN" "lapply" "sapply" "rankall" "tail" 
"scan" "read.table" "read.csv" "<Anonymous>" "rankhospital" "FUN" "lapply" "sapply" "rankall" "tail" 
"scan" "read.table" "read.csv" "<Anonymous>" "rankhospital" "FUN" "lapply" "sapply" "rankall" "tail" 
"scan" "read.table" "read.csv" "getData" "best" "rankhospital" "FUN" "lapply" "sapply" "rankall" "tail" 
"scan" "read.table" "read.csv" "getData" "best" "rankhospital" "FUN" "lapply" "sapply" "rankall" "tail" 
"scan" "read.table" "read.csv" "getData" "best" "rankhospital" "FUN" "lapply" "sapply" "rankall" "tail" 
"scan" "read.table" "read.csv" "getData" "best" "rankhospital" "FUN" "lapply" "sapply" "rankall" "tail" 
"scan" "read.table" "read.csv" "getData" "best" "rankhospital" "FUN" "lapply" "sapply" "rankall" "tail" 
"scan" "read.table" "read.csv" "getData" "best" "rankhospital" "FUN" "lapply" "sapply" "rankall" "tail" 
"scan" "read.table" "read.csv" "getData" "best" "rankhospital" "FUN" "lapply" "sapply" "rankall" "tail" 
"scan" "read.table" "read.csv" "getData" "best" "rankhospital" "FUN" "lapply" "sapply" "rankall" "tail" 
"scan" "read.table" "read.csv" "<Anonymous>" "rankhospital" "FUN" "lapply" "sapply" "rankall" "tail" 
"scan" "read.table" "read.csv" "<Anonymous>" "rankhospital" "FUN" "lapply" "sapply" "rankall" "tail" 
"scan" "read.table" "read.csv" "<Anonymous>" "rankhospital" "FUN" "lapply" "sapply" "rankall" "tail" 
"scan" "read.table" "read.csv" "<Anonymous>" "rankhospital" "FUN" "lapply" "sapply" "rankall" "tail" 
"scan" "read.table" "read.csv" "<Anonymous>" "rankhospital" "FUN" "lapply" "sapply" "rankall" "tail" 
"scan" "read.table" "read.csv" "<Anonymous>" "rankhospital" "FUN" "lapply" "sapply" "rankall" "tail" 
"scan" "read.table" "read.csv" "getData" "best" "rankhospital" "FUN" "lapply" "sapply" "rankall" "tail" 
"scan" "read.table" "read.csv" "getData" "best" "rankhospital" "FUN" "lapply" "sapply" "rankall" "tail" 
"scan" "read.table" "read.csv" "getData" "best" "rankhospital" "FUN" "lapply" "sapply" "rankall" "tail" 
"scan" "read.table" "read.csv" "getData" "best" "rankhospital" "FUN" "lapply" "sapply" "rankall" "tail" 
"scan" "read.table" "read.csv" "getData" "best" "rankhospital" "FUN" "lapply" "sapply" "rankall" "tail" 
"file" "read.table" "read.csv" "<Anonymous>" "rankhospital" "FUN" "lapply" "sapply" "rankall" "tail" 
"scan" "read.table" "read.csv" "<Anonymous>" "rankhospital" "FUN" "lapply" "sapply" "rankall" "tail" 
"scan" "read.table" "read.csv" "<Anonymous>" "rankhospital" "FUN" "lapply" "sapply" "rankall" "tail" 
"scan" "read.table" "read.csv" "<Anonymous>" "rankhospital" "FUN" "lapply" "sapply" "rankall" "tail" 
"scan" "read.table" "read.csv" "<Anonymous>" "rankhospital" "FUN" "lapply" "sapply" "rankall" "tail" 
"scan" "read.table" "read.csv" "<Anonymous>" "rankhospital" "FUN" "lapply" "sapply" "rankall" "tail" 
"rankhospital" "FUN" "lapply" "sapply" "rankall" "tail" 
"scan" "read.table" "read.csv" "getData" "best" "rankhospital" "FUN" "lapply" "sapply" "rankall" "tail" 
"scan" "read.table" "read.csv" "getData" "best" "rankhospital" "FUN" "lapply" "sapply" "rankall" "tail" 
"scan" "read.table" "read.csv" "getData" "best" "rankhospital" "FUN" "lapply" "sapply" "rankall" "tail" 
"scan" "read.table" "read.csv" "getData" "best" "rankhospital" "FUN" "lapply" "sapply" "rankall" "tail" 
"scan" "read.table" "read.csv" "getData" "best" "rankhospital" "FUN" "lapply" "sapply" "rankall" "tail" 
"grepl" "validateByCaller" "validate" "set_state" "best" "rankhospital" "FUN" "lapply" "sapply" "rankall" "tail" 
"scan" "read.table" "read.csv" "<Anonymous>" "rankhospital" "FUN" "lapply" "sapply" "rankall" "tail" 
"scan" "read.table" "read.csv" "<Anonymous>" "rankhospital" "FUN" "lapply" "sapply" "rankall" "tail" 
"scan" "read.table" "read.csv" "<Anonymous>" "rankhospital" "FUN" "lapply" "sapply" "rankall" "tail" 
"scan" "read.table" "read.csv" "<Anonymous>" "rankhospital" "FUN" "lapply" "sapply" "rankall" "tail" 
"scan" "read.table" "read.csv" "<Anonymous>" "rankhospital" "FUN" "lapply" "sapply" "rankall" "tail" 
"scan" "read.table" "read.csv" "<Anonymous>" "rankhospital" "FUN" "lapply" "sapply" "rankall" "tail" 
"scan" "read.table" "read.csv" "<Anonymous>" "rankhospital" "FUN" "lapply" "sapply" "rankall" "tail" 
"scan" "read.table" "read.csv" "getData" "best" "rankhospital" "FUN" "lapply" "sapply" "rankall" "tail" 
"scan" "read.table" "read.csv" "getData" "best" "rankhospital" "FUN" "lapply" "sapply" "rankall" "tail" 
"scan" "read.table" "read.csv" "getData" "best" "rankhospital" "FUN" "lapply" "sapply" "rankall" "tail" 
"scan" "read.table" "read.csv" "getData" "best" "rankhospital" "FUN" "lapply" "sapply" "rankall" "tail" 
"scan" "read.table" "read.csv" "getData" "best" "rankhospital" "FUN" "lapply" "sapply" "rankall" "tail" 
"scan" "read.table" "read.csv" "getData" "best" "rankhospital" "FUN" "lapply" "sapply" "rankall" "tail" 
"scan" "read.table" "read.csv" "<Anonymous>" "rankhospital" "FUN" "lapply" "sapply" "rankall" "tail" 
"scan" "read.table" "read.csv" "<Anonymous>" "rankhospital" "FUN" "lapply" "sapply" "rankall" "tail" 
"scan" "read.table" "read.csv" "<Anonymous>" "rankhospital" "FUN" "lapply" "sapply" "rankall" "tail" 
"scan" "read.table" "read.csv" "<Anonymous>" "rankhospital" "FUN" "lapply" "sapply" "rankall" "tail" 
"scan" "read.table" "read.csv" "<Anonymous>" "rankhospital" "FUN" "lapply" "sapply" "rankall" "tail" 
"close.connection" "close" "read.table" "read.csv" "<Anonymous>" "rankhospital" "FUN" "lapply" "sapply" "rankall" "tail" 
"scan" "read.table" "read.csv" "getData" "best" "rankhospital" "FUN" "lapply" "sapply" "rankall" "tail" 
"scan" "read.table" "read.csv" "getData" "best" "rankhospital" "FUN" "lapply" "sapply" "rankall" "tail" 
"scan" "read.table" "read.csv" "getData" "best" "rankhospital" "FUN" "lapply" "sapply" "rankall" "tail" 
"scan" "read.table" "read.csv" "getData" "best" "rankhospital" "FUN" "lapply" "sapply" "rankall" "tail" 
"scan" "read.table" "read.csv" "getData" "best" "rankhospital" "FUN" "lapply" "sapply" "rankall" "tail" 
"as.numeric" "withCallingHandlers" "suppressWarnings" "getData" "best" "rankhospital" "FUN" "lapply" "sapply" "rankall" "tail" 
"scan" "read.table" "read.csv" "<Anonymous>" "rankhospital" "FUN" "lapply" "sapply" "rankall" "tail" 
"scan" "read.table" "read.csv" "<Anonymous>" "rankhospital" "FUN" "lapply" "sapply" "rankall" "tail" 
"scan" "read.table" "read.csv" "<Anonymous>" "rankhospital" "FUN" "lapply" "sapply" "rankall" "tail" 
"scan" "read.table" "read.csv" "<Anonymous>" "rankhospital" "FUN" "lapply" "sapply" "rankall" "tail" 
"scan" "read.table" "read.csv" "<Anonymous>" "rankhospital" "FUN" "lapply" "sapply" "rankall" "tail" 
"scan" "read.table" "read.csv" "<Anonymous>" "rankhospital" "FUN" "lapply" "sapply" "rankall" "tail" 
"FUN" "eval" "eval" "Ops.data.frame" "==" "<Anonymous>" "rankhospital" "FUN" "lapply" "sapply" "rankall" "tail" 
"scan" "read.table" "read.csv" "getData" "best" "rankhospital" "FUN" "lapply" "sapply" "rankall" "tail" 
"scan" "read.table" "read.csv" "getData" "best" "rankhospital" "FUN" "lapply" "sapply" "rankall" "tail" 
"scan" "read.table" "read.csv" "getData" "best" "rankhospital" "FUN" "lapply" "sapply" "rankall" "tail" 
"scan" "read.table" "read.csv" "getData" "best" "rankhospital" "FUN" "lapply" "sapply" "rankall" "tail" 
"scan" "read.table" "read.csv" "getData" "best" "rankhospital" "FUN" "lapply" "sapply" "rankall" "tail" 
"scan" "read.table" "read.csv" "<Anonymous>" "rankhospital" "FUN" "lapply" "sapply" "rankall" "tail" 
"scan" "read.table" "read.csv" "<Anonymous>" "rankhospital" "FUN" "lapply" "sapply" "rankall" "tail" 
"scan" "read.table" "read.csv" "<Anonymous>" "rankhospital" "FUN" "lapply" "sapply" "rankall" "tail" 
"scan" "read.table" "read.csv" "<Anonymous>" "rankhospital" "FUN" "lapply" "sapply" "rankall" "tail" 
"scan" "read.table" "read.csv" "<Anonymous>" "rankhospital" "FUN" "lapply" "sapply" "rankall" "tail" 
"rankhospital" "FUN" "lapply" "sapply" "rankall" "tail" 
"scan" "read.table" "read.csv" "getData" "best" "rankhospital" "FUN" "lapply" "sapply" "rankall" "tail" 
"scan" "read.table" "read.csv" "getData" "best" "rankhospital" "FUN" "lapply" "sapply" "rankall" "tail" 
"scan" "read.table" "read.csv" "getData" "best" "rankhospital" "FUN" "lapply" "sapply" "rankall" "tail" 
"scan" "read.table" "read.csv" "getData" "best" "rankhospital" "FUN" "lapply" "sapply" "rankall" "tail" 
"scan" "read.table" "read.csv" "getData" "best" "rankhospital" "FUN" "lapply" "sapply" "rankall" "tail" 
"scan" "read.table" "read.csv" "<Anonymous>" "rankhospital" "FUN" "lapply" "sapply" "rankall" "tail" 
"scan" "read.table" "read.csv" "<Anonymous>" "rankhospital" "FUN" "lapply" "sapply" "rankall" "tail" 
"scan" "read.table" "read.csv" "<Anonymous>" "rankhospital" "FUN" "lapply" "sapply" "rankall" "tail" 
"scan" "read.table" "read.csv" "<Anonymous>" "rankhospital" "FUN" "lapply" "sapply" "rankall" "tail" 
"scan" "read.table" "read.csv" "<Anonymous>" "rankhospital" "FUN" "lapply" "sapply" "rankall" "tail" 
"deparse" "as.data.frame.character" "as.data.frame" "data.frame" "best" "rankhospital" "FUN" "lapply" "sapply" "rankall" "tail" 
"scan" "read.table" "read.csv" "getData" "best" "rankhospital" "FUN" "lapply" "sapply" "rankall" "tail" 
"scan" "read.table" "read.csv" "getData" "best" "rankhospital" "FUN" "lapply" "sapply" "rankall" "tail" 
"scan" "read.table" "read.csv" "getData" "best" "rankhospital" "FUN" "lapply" "sapply" "rankall" "tail" 
"scan" "read.table" "read.csv" "getData" "best" "rankhospital" "FUN" "lapply" "sapply" "rankall" "tail" 
"scan" "read.table" "read.csv" "getData" "best" "rankhospital" "FUN" "lapply" "sapply" "rankall" "tail" 
"scan" "read.table" "read.csv" "<Anonymous>" "rankhospital" "FUN" "lapply" "sapply" "rankall" "tail" 
"scan" "read.table" "read.csv" "<Anonymous>" "rankhospital" "FUN" "lapply" "sapply" "rankall" "tail" 
"scan" "read.table" "read.csv" "<Anonymous>" "rankhospital" "FUN" "lapply" "sapply" "rankall" "tail" 
"scan" "read.table" "read.csv" "<Anonymous>" "rankhospital" "FUN" "lapply" "sapply" "rankall" "tail" 
"scan" "read.table" "read.csv" "<Anonymous>" "rankhospital" "FUN" "lapply" "sapply" "rankall" "tail" 
"scan" "read.table" "read.csv" "<Anonymous>" "rankhospital" "FUN" "lapply" "sapply" "rankall" "tail" 
"scan" "read.table" "read.csv" "getData" "best" "rankhospital" "FUN" "lapply" "sapply" "rankall" "tail" 
"scan" "read.table" "read.csv" "getData" "best" "rankhospital" "FUN" "lapply" "sapply" "rankall" "tail" 
"scan" "read.table" "read.csv" "getData" "best" "rankhospital" "FUN" "lapply" "sapply" "rankall" "tail" 
"scan" "read.table" "read.csv" "getData" "best" "rankhospital" "FUN" "lapply" "sapply" "rankall" "tail" 
"scan" "read.table" "read.csv" "getData" "best" "rankhospital" "FUN" "lapply" "sapply" "rankall" "tail" 
"scan" "read.table" "read.csv" "getData" "best" "rankhospital" "FUN" "lapply" "sapply" "rankall" "tail" 
"scan" "read.table" "read.csv" "getData" "best" "rankhospital" "FUN" "lapply" "sapply" "rankall" "tail" 
"scan" "read.table" "read.csv" "<Anonymous>" "rankhospital" "FUN" "lapply" "sapply" "rankall" "tail" 
"scan" "read.table" "read.csv" "<Anonymous>" "rankhospital" "FUN" "lapply" "sapply" "rankall" "tail" 
"scan" "read.table" "read.csv" "<Anonymous>" "rankhospital" "FUN" "lapply" "sapply" "rankall" "tail" 
"scan" "read.table" "read.csv" "<Anonymous>" "rankhospital" "FUN" "lapply" "sapply" "rankall" "tail" 
"scan" "read.table" "read.csv" "<Anonymous>" "rankhospital" "FUN" "lapply" "sapply" "rankall" "tail" 
"scan" "read.table" "read.csv" "getData" "best" "rankhospital" "FUN" "lapply" "sapply" "rankall" "tail" 
"scan" "read.table" "read.csv" "getData" "best" "rankhospital" "FUN" "lapply" "sapply" "rankall" "tail" 
"scan" "read.table" "read.csv" "getData" "best" "rankhospital" "FUN" "lapply" "sapply" "rankall" "tail" 
"scan" "read.table" "read.csv" "getData" "best" "rankhospital" "FUN" "lapply" "sapply" "rankall" "tail" 
"scan" "read.table" "read.csv" "getData" "best" "rankhospital" "FUN" "lapply" "sapply" "rankall" "tail" 
"scan" "read.table" "read.csv" "getData" "best" "rankhospital" "FUN" "lapply" "sapply" "rankall" "tail" 
"scan" "read.table" "read.csv" "<Anonymous>" "rankhospital" "FUN" "lapply" "sapply" "rankall" "tail" 
"scan" "read.table" "read.csv" "<Anonymous>" "rankhospital" "FUN" "lapply" "sapply" "rankall" "tail" 
"scan" "read.table" "read.csv" "<Anonymous>" "rankhospital" "FUN" "lapply" "sapply" "rankall" "tail" 
"scan" "read.table" "read.csv" "<Anonymous>" "rankhospital" "FUN" "lapply" "sapply" "rankall" "tail" 
"scan" "read.table" "read.csv" "<Anonymous>" "rankhospital" "FUN" "lapply" "sapply" "rankall" "tail" 
"as.numeric" "withCallingHandlers" "suppressWarnings" "<Anonymous>" "rankhospital" "FUN" "lapply" "sapply" "rankall" "tail" 
